2026-02-05 13:53:29,956 - INFO - Iniciando consulta a OpenWeather API...
2026-02-05 13:53:30,371 - INFO - Datos obtenidos para CALIFORNIA: -4.05°C
2026-02-05 13:53:31,475 - INFO - Datos obtenidos para TEXAS: -1.03°C
2026-02-05 13:53:31,555 - INFO - Datos obtenidos para FLORIDA: 10.85°C
2026-02-05 13:53:31,645 - INFO - Datos obtenidos para NEW YORK: -7.34°C
2026-02-05 13:53:31,754 - INFO - Datos obtenidos para ILLINOIS: -8.34°C
2026-02-05 13:53:31,845 - INFO - Datos obtenidos para PENNSYLVANIA: -11.63°C
2026-02-05 13:53:31,985 - INFO - Datos obtenidos para OHIO: -18.82°C
2026-02-05 13:53:32,065 - INFO - Datos obtenidos para GEORGIA: 3.01°C
2026-02-05 13:53:32,185 - INFO - Datos obtenidos para NORTH CAROLINA: -0.16°C
2026-02-05 13:53:32,283 - INFO - Datos obtenidos para MICHIGAN: -7.96°C
2026-02-05 13:53:32,374 - INFO - Datos obtenidos para NEW JERSEY: -11.68°C
2026-02-05 13:53:32,480 - INFO - Datos obtenidos para VIRGINIA: -2.1°C
2026-02-05 13:53:32,556 - INFO - Datos obtenidos para WASHINGTON: 4.84°C
2026-02-05 13:53:32,656 - INFO - Datos obtenidos para MASSACHUSETTS: -9.42°C
2026-02-05 13:53:32,768 - INFO - Datos obtenidos para ARIZONA: 5.01°C
2026-02-05 13:53:32,855 - INFO - Datos obtenidos para INDIANA: -8.18°C
2026-02-05 13:53:32,955 - INFO - Datos obtenidos para TENNESSEE: -5.6°C
2026-02-05 13:53:33,054 - INFO - Datos obtenidos para MISSOURI: -1.78°C
2026-02-05 13:53:33,175 - INFO - Datos obtenidos para MARYLAND: -7.72°C
2026-02-05 13:53:33,286 - INFO - Datos obtenidos para WISCONSIN: -5.05°C
2026-02-05 13:53:33,377 - INFO - Datos obtenidos para MINNESOTA: -3.97°C
2026-02-05 13:53:33,475 - INFO - Datos obtenidos para COLORADO: 25.45°C
2026-02-05 13:53:33,574 - INFO - Datos obtenidos para ALABAMA: -2.54°C
2026-02-05 13:53:33,665 - INFO - Datos obtenidos para SOUTH CAROLINA: 1.44°C
2026-02-05 13:53:33,778 - INFO - Datos obtenidos para LOUISIANA: -1.13°C
2026-02-05 13:53:33,883 - INFO - Datos obtenidos para KENTUCKY: 19.85°C
2026-02-05 13:53:33,974 - INFO - Datos obtenidos para OREGON: -4.75°C
2026-02-05 13:53:34,074 - INFO - Datos obtenidos para OKLAHOMA: 0.99°C
2026-02-05 13:53:34,167 - INFO - Datos obtenidos para CONNECTICUT: -11.08°C
2026-02-05 13:53:34,265 - INFO - Datos obtenidos para PUERTO RICO: 30.83°C
2026-02-05 13:53:34,355 - INFO - Datos obtenidos para IOWA: -1.91°C
2026-02-05 13:53:34,468 - INFO - Datos obtenidos para MISSISSIPPI: -2.13°C
2026-02-05 13:53:34,548 - INFO - Datos obtenidos para ARKANSAS: -2.5°C
2026-02-05 13:53:34,635 - INFO - Datos obtenidos para UTAH: -2.92°C
2026-02-05 13:53:34,735 - INFO - Datos obtenidos para KANSAS: 0.21°C
2026-02-05 13:53:34,825 - INFO - Datos obtenidos para NEVADA: -6.02°C
2026-02-05 13:53:34,926 - INFO - Datos obtenidos para NEW MEXICO: -2.65°C
2026-02-05 13:53:35,024 - INFO - Datos obtenidos para NEBRASKA: 4.69°C
2026-02-05 13:53:35,125 - INFO - Datos obtenidos para WEST VIRGINIA: -10.66°C
2026-02-05 13:53:35,204 - INFO - Datos obtenidos para IDAHO: -4.95°C
2026-02-05 13:53:35,304 - INFO - Datos obtenidos para HAWAII: 18.26°C
2026-02-05 13:53:35,394 - INFO - Datos obtenidos para MAINE: -8.79°C
2026-02-05 13:53:35,494 - INFO - Datos obtenidos para NEW HAMPSHIRE: -11.84°C
2026-02-05 13:53:35,584 - INFO - Datos obtenidos para RHODE ISLAND: -10.17°C
2026-02-05 13:53:35,684 - INFO - Datos obtenidos para MONTANA: 2.24°C
2026-02-05 13:53:35,791 - INFO - Datos obtenidos para DELAWARE: -7.78°C
2026-02-05 13:53:35,874 - INFO - Datos obtenidos para SOUTH DAKOTA: 3.94°C
2026-02-05 13:53:36,001 - INFO - Datos obtenidos para NORTH DAKOTA: 3.71°C
2026-02-05 13:53:36,834 - INFO - Datos obtenidos para ALASKA: -20.09°C
2026-02-05 13:53:36,924 - INFO - Datos obtenidos para DISTRICT OF COLUMBIA: -6.9°C
2026-02-05 13:53:37,024 - INFO - Datos obtenidos para VERMONT: -11.48°C
2026-02-05 13:53:37,114 - INFO - Datos obtenidos para WYOMING: -2.62°C
2026-02-05 13:53:37,184 - INFO - Clima integrado con éxito en 'master_shipping_data'
